В многотабличных запросах нужно обязательно указывать условия соединения таблиц. При отсутствии условий соединения ошибки не возникает, а происходит декартово произведение таблиц [[Литература#^af0aa6]]<c. 146>.

Кроме таблиц базы данных, в соединениях могут участвовать подзапросы, представления, хранимые функции. В этом случае сначала выполняется запрос, который содержится в одном из этих объектов, а потом результат этого запроса используется как виртуальная таблица.

Условия соединения могут быть заданы или в предложении `WHERE`, или в предложении `FROM`.

### Условия соединения таблиц в предложении WHERE

```sql
SELECT
  ord.order_id,
  ord.order_date,
  pr.product_name,
  oi.quantity,
  oi.unit_price
FROM orders ord, order_items oi, products pr
WHERE
  ord.order_id = oi.order_id
  AND oi.product_id = pr.product_id
  AND ord.customer_id = 45
ORDER BY ord.order_id;
```
Здесь строки первой таблицы соединяются с теми строками второй таблицы, которые имели совпадающие значения столбца, по которому осуществлялось соединение. Такой способ соединения таблиц называется _соединением по эквивалентности_.

Рассмотрим другой способ соединения, который называют _соединением по неэквивалентности_.
```sql
SELECT
  employee_id,
  product_id,
  product_name,
  rating_e,
  rating_p
FROM product, employees  -- NB! А не JOIN
WHERE rating_e >= rating_p  -- NB! Неэквивалентность
ORDER BY employee_id;

EXPLAIN <this qeury>
--------------------
QUERY PLAN                                                            |
----------------------------------------------------------------------+
Hash Join  (cost=2.91..26.63 rows=1712 width=52)                      |
  Hash Cond: (e.rating_e = p.rating_p)                                |
  ->  Seq Scan on employees e  (cost=0.00..3.05 rows=105 width=8)     |
  ->  Hash  (cost=1.85..1.85 rows=85 width=44)                        |
        ->  Seq Scan on products p  (cost=0.00..1.85 rows=85 width=44)|
```

### Условия соединения таблиц в предолжении FROM

Для соединения таблиц в предложении `FROM` используется оператор `JOIN`. Можно создавать два типа соединений: _внутренние_ и _внешние_.

