### Простые подзапросы

Простые подзапросы выполняются один раз, и результат их выполнения используется основным запросом. Для анализа результатов, которые вернул простой подзапрос, можно использовать операции сравнения `=`, `>`, `<`, а также операторы `IN`, `ANY`, `ALL`.

Найти сотрудников, зарплата которых больше средней зарплаты по всей фирме
```sql
SELECT
  employee_id,
  department_id,
  first_name,
  last_name,
  salary
FROM employees
WHERE salary > (SELECT AVG(salary) FROM employees); -- несвязанный скалярный подзапрос
```

Найти сотрудников, которые были приняты на работу после сотрудника с номером 110
```sql
SELECT
  employee_id,
  department_id,
  first_name,
  last_name,
  hire_date
FROM employees
WHERE hire_date > (SELECT hire_date FROM employees WHERE employee_id = 110);
```

Найти сотрудника, который был принят на работу раньше всех
```sql
SELECT
  employee_id, 
  department_id,
  job_id,
  first_name,
  last_name,
  hire_date
FROM employees
WHERE hire_date = (SELECT MIN(hire_date) FROM employees);
```

Найти отделы, в которых средняя зарплата сотрудников выше средней зарплаты по фирме
```sql
WITH as t (
  SELECT
    department_id,
    avg(salary) as avg_salary_dep
  FROM employees
  GROUP BY 1
)
SELECT
  department_id,
  ROUND(AVG(salary), 2)
FROM t WHERE avg_salary_dep >= (
  SELECT avg(salary) FROM employees -- несвязанный скалярный подзапрос
);
```

Выражение `ALL` возвращает значение `TRUE`, если оператор сравнения выполняется для всех элементов, возвращаемых подзапросом, а выражение `ANY` возвращает значение `TRUE`, если оператор сравнения выполняется хотя бы для одного элемента.

NB! Если в списке значений, анализируемых оператором `ALL`, будет присутствовать значение `NULL`, то этот оператор, совместно с любой операцией сравнения, вернет значение `FALSE`, а на результат оператора `ANY` значения `NULL` не влияют [[Литература#^af0aa6]]<c. 172>.

NB! Если подзапрос, который обрабатывают операторы `ANY` и `ALL`, будет пуст, то оператор `ANY` вернет значение `FALSE`, а оператор `ALL` вернет значение `TRUE` совместно с любой операцией сравнения [[Литература#^af0aa6]]<c. 173>.

Многостолбцовые подзапросы возвращают значения нескольких столбцов. Они могут быть однострочными и многострочными.

Этот вид подзапросов можно использовать в предложении `WHERE`. Для сравнения значений нескольких столбцов со списком значений, возвращаемых многостолбцовым подзапросом, используется оператор `IN`, который в этом случае должен иметь следующий синтаксис
```sql
WHERE ({list_of_cols}) IN (SELECT {list_of_cols} FROM ...)
```

Список столбцов и список значений должны содержать одинаковое количество элементов, а тип столбца также должен совпадать с типом соответствующего ему значения.

Вывести данные о сотрудниках, у которых должность и зарплата совпадают с должностью и зарплатой сотрудника 106
```sql
SELECT
  employee_id,
  job_id,
  salary,
  rating_e
FROM employees
WHERE (job_id, salary) IN (
  SELECT DISTINCT job_id, salary
  FROM employees
  WHERE employee_id = 106
) AND employee_id <> 106;
```

Вывести данные о сотрудниках, у которых значение зарплаты и рейтинг совпадают с одним из значений зарплаты и рейтинга сотрудников `job_id = 'IT_PROG'`, но занимающих другую должность
```sql
SELECT
  employee_id,
  job_id,
  salary,
  rating_e
FROM employees
WHERE salary, rating_e in (
  SELECT salary, rating_e
  FROM employees
  WHERE job_id = 'IT_PROG'
) AND job_id <> 'IT_PROG';
```

Найти отдел с максимальной суммарной зарплатой
```sql
WITH t as (
  SELECT
    department_id,
    SUM(salary) as s_salary
  FROM employees
  GROUP BY 1
)
SELECT
  department_id,
  SUM(s_salary)
FROM employees
GROUP BY 1
HAVING SUM(s_salary) = (SELECT MAX(s_salary) FROM t);
```

НАБЛЮДЕНИЕ: В SQL-запросах с группировкой, в которых вычисляются сложные агрегаты с последующей фильтрацией по группам, кажется удобнее использовать общие табличные выражения, а не предложение `HAVING`, так как в `HAVING` (и в `WHERE`) нельзя использовать псевдонимы вычисляемых столбцов и потому приходится повторять вычисляемое выражение.
### Коррелированные (связанные) подзапросы

Коррелированный подзапрос использует один или несколько столбцов основного запроса и выполняется _для каждой строки основного запроса_.

Запросы, содержащие коррелированный подзапрос, выполняются следующим образом. Выбирается первая строка таблицы, сформированная основным запросом. Значения определенных столбцов этой таблицы передаются в подзапрос. Если эти значения удовлетворяют условиям подзапроса, то эта строка помещается в результат выполнения основного запроса. После этого выбирается вторая строка и т.д.
```sql
SELECT
  first_name,
  last_name,
  department_id,
  salary
FROM employees o
WHERE o.salary > (
  SELECT AVG(i.salary)
  FROM employees i
  WHERE department_id = o.department_id
)
ORDER BY department_id;
```
Этот запрос выполняется следующим образом:
1. Выбирается первая строка таблицы `employees o`.
2. Значение столбца `o.department_id` передается в коррелированный (связанный) подзапрос, который возвращает среднее значение зарплаты отдела, в котором работает рассматриваемый сотрудник.
3. Если зарплата рассматриваемого сотрудника больше средней зарплаты отдела, в котором он работает, то данные о таком сотруднике помещаются в результат выполнения основного запроса.

Эту задачу можно было решить и с помощью CTE
```sql
WITH t AS (
  SELECT
    department_id,
    AVG(salary) AS avg_salary
  FROM employees
  GROUP BY 1
)
SELECT
  first_name,
  last_name,
  department_id,
  salary
FROM employees JOIN t USING (department_id)
WHERE salary > avg_salary
ORDER BY department_id;
```

Пример использования связанного (коррелированного) подзапроса в предложении `SELECT`. Вывести название отдела, которым руководит менеджер 108, название города, в котором расположен отдел, имя и фамилию менеджера
```sql
SELECT
  d.manager_id,
  ( -- связанный скалярный подзапрос
    SELECT
      CONCAT(first_name, ' ', last_name)
    FROM employees
    WHERE employee_id = d.manager_id
  ) AS name,
  department_id,
  city
FROM departments d JOIN locations USING (location_id)
WHERE d.manager_id = 108;
```
План выполнения этого запроса имеет вид
```bash
QUERY PLAN                                                              |
------------------------------------------------------------------------+
Hash Join  (cost=1.35..5.99 rows=1 width=192)                           |
  Hash Cond: (l.location_id = d.location_id)                            |
  ->  Seq Scan on locations l  (cost=0.00..1.23 rows=23 width=82)       |
  ->  Hash  (cost=1.34..1.34 rows=1 width=86)                           |
        ->  Seq Scan on departments d  (cost=0.00..1.34 rows=1 width=86)|
              Filter: (manager_id = 108)                                |
  SubPlan 1                                                             |
    ->  Seq Scan on employees e  (cost=0.00..3.31 rows=1 width=32)      |
          Filter: (employee_id = d.manager_id)                          |
```

При работе со связанными подзапросами часто используется выражение `EXISTS`, которое возвращает `TRUE` в том случае, если результат выполнения подзапроса не пуст.

Определить товары, которые которые не продовал сотрудник с номером 109
```sql
SELECT
  product_id
FROM products
WHERE NOT EXISTS (
  SELECT
    product_id
  FROM orders JOIN order_items USING (order_id)
  WHERE salesman_id = 109 AND product_id = p.product_id
)
```
В подзапрос передается значение столбца `product_id` рассматриваемого товара. Если сотрудник 109 не продавал этот товар, то результат выполнения подзапроса будет пуст, `NOT EXISTS` вернет `TRUE` и основной запрос выведет данные об этом товаре.

План выполнения запроса выглядит так
```bash
QUERY PLAN                                                                      |
--------------------------------------------------------------------------------+
Hash Anti Join  (cost=4.57..7.49 rows=84 width=49)                              |
  Hash Cond: (p.product_id = oi.product_id)                                     |
  ->  Seq Scan on products p  (cost=0.00..1.85 rows=85 width=49)                |
  ->  Hash  (cost=4.56..4.56 rows=1 width=4)                                    |
        ->  Hash Join  (cost=2.24..4.56 rows=1 width=4)                         |
              Hash Cond: (oi.order_id = o.order_id)                             |
              ->  Seq Scan on order_items oi  (cost=0.00..2.04 rows=104 width=8)|
              ->  Hash  (cost=2.23..2.23 rows=1 width=4)                        |
                    ->  Seq Scan on orders o  (cost=0.00..2.23 rows=1 width=4)  |
                          Filter: (salesman_id = 109)                           |
```
PostgreSQL понял, что это _левое анти-соединение_ (ANTI JOIN)! В данном случае, чтобы найти товары, которые не продавал продавец 109, сначала нужно найти построить таблицу с товарами, которые продавал этот продавец! (подсказка: список актеров, которые не сыграли ни в одном фильме).

### Составные запросы

Результат выполнения оператора `SELECT`, который возвращает _несколько строк_, можно рассматривать как множество. Используя операции над множествами, можно комбинировать результаты, возвращаемые двумя или более операторами `SELECT`, и формировать из них единый результат. Такие запросы называют _составными_. 

Для создания составных запросов можно использовать следующие операции:
- `UNION [ALL]` -- объединяет результаты выполнения двух операторов `SELECT`. Результат может содержать повторяющиеся строки.
- `INTERSECT [ALL]` -- осуществляет пересечение результатов выполнения двух операторов `SELECT` и возвращает только те строки, которые содержаться в результатах обоих запросов.
- `EXCEPT [ALL]` -- из результатов выполнения левого оператора `SELECT` удаляет строки, которые возвращает правый оператор `SELECT`.

Запросы, к которым применяются эти операции, должны удовлетворять следующим условиям:
1. Они должны возвращать одинаковое количество столбцов
2. Типы соответствующих столбцов должны совпадать или быть совместимыми.
3. Имена соответствующих столбцов могут быть различными.

Составной запрос может быть представлен в следующем виде
```sql
SELECT A {Operation1} SELECT B [{Operation2} SELECT C ...]
```

Операции имеют одинаковый приоритет и выполняются слева направо. Изменить порядок выполнения операции можно, используя скобки.

Вывести номера клиентов, заказы которым оформляли сотрудники 149 и 153
```sql
SELECT
  customer_id
FROM orders
WHERE salesman_id = 149
  UNION -- как будто бы ЛОГИЧЕСКОЕ ИЛИ
SELECT
  customer_id
FROM orders
WHERE salesman_id = 153
```

Составные операторы могут быть использованы в качестве подзапросов.

Найти отделы, которые являются единственными в той стране, где они находятся
```sql
WITH t1 AS (
  SELECT
    department_id,
    country_id
  FROM locations JOIN departments USING (location_id)
),
t2 AS (
  SELECT
    country_id,
    count(department_id) AS count_dep
  FROM t1
  GROUP BY 1
  HAVING count(department_id) = 1
)
SELECT
  department_id
FROM t1 
WHERE country_id IN (SELECT country_id FROM t2);
```

Найти сотрудников, зарплата которых с учетом коммиссионных больше зарплаты их начальников
```sql
WITH t AS (
  SELECT
    employee_id,
    salary
  FROM employees
  WHERE job_id ~* '.*man.*'
)
SELECT 
  employee_id,
  first_name,
  last_name,
  salary
FROM employees e
WHERE salary * (1 + commission_pct) > (
  SELECT
    salary
  FROM t
  WHERE employee_id = e.manager_id
);
```

Определить год и месяц, когда у сотрудника 152 была максимальная сумма продаж
```sql
WITH t1 AS (
  SELECT
    *
  FROM orders JOIN order_items USING (order_id)
  WHERE salesman_id = 152
),
t2 AS (
  SELECT MAX(quantity * unit_price) AS max_price
  FROM t1
)
SELECT
  EXTRACT(year FROM order_date) AS year,
  EXTRACT(month FROM order_date) AS month,
FROM t1
WHERE (quantity * unit_price) = (SELECT max_price FROM t2);
```